<?xml version="1.0" encoding="UTF-8"?>
<!-- Generated by org.testng.reporters.JUnitReportReporter -->
<testsuite hostname="akshay" name="OpeningBrowser" tests="1" failures="0" timestamp="12 Dec 2018 20:01:01 GMT" time="33.081" errors="0">
  <testcase name="testBrowser" time="33.081" classname="OpeningBrowser"/>
</testsuite> <!-- OpeningBrowser -->
